Release 14.6 - xst P.68d (nt64)
Copyright (c) 1995-2013 Xilinx, Inc.  All rights reserved.
--> Parameter TMPDIR set to xst/projnav.tmp


Total REAL time to Xst completion: 0.00 secs
Total CPU time to Xst completion: 0.09 secs
 
--> Parameter xsthdpdir set to xst


Total REAL time to Xst completion: 0.00 secs
Total CPU time to Xst completion: 0.09 secs
 
--> Reading design: universal_shift_register_4bit.prj

TABLE OF CONTENTS
  1) Synthesis Options Summary
  2) HDL Compilation
  3) Design Hierarchy Analysis
  4) HDL Analysis
  5) HDL Synthesis
     5.1) HDL Synthesis Report
  6) Advanced HDL Synthesis
     6.1) Advanced HDL Synthesis Report
  7) Low Level Synthesis
  8) Partition Report
  9) Final Report
	9.1) Device utilization summary
	9.2) Partition Resource Summary
	9.3) TIMING REPORT


=========================================================================
*                      Synthesis Options Summary                        *
=========================================================================
---- Source Parameters
Input File Name                    : "universal_shift_register_4bit.prj"
Input Format                       : mixed
Ignore Synthesis Constraint File   : NO

---- Target Parameters
Output File Name                   : "universal_shift_register_4bit"
Output Format                      : NGC
Target Device                      : xc3s100e-5-cp132

---- Source Options
Top Module Name                    : universal_shift_register_4bit
Automatic FSM Extraction           : YES
FSM Encoding Algorithm             : Auto
Safe Implementation                : No
FSM Style                          : LUT
RAM Extraction                     : Yes
RAM Style                          : Auto
ROM Extraction                     : Yes
Mux Style                          : Auto
Decoder Extraction                 : YES
Priority Encoder Extraction        : Yes
Shift Register Extraction          : YES
Logical Shifter Extraction         : YES
XOR Collapsing                     : YES
ROM Style                          : Auto
Mux Extraction                     : Yes
Resource Sharing                   : YES
Asynchronous To Synchronous        : NO
Multiplier Style                   : Auto
Automatic Register Balancing       : No

---- Target Options
Add IO Buffers                     : YES
Global Maximum Fanout              : 100000
Add Generic Clock Buffer(BUFG)     : 24
Register Duplication               : YES
Slice Packing                      : YES
Optimize Instantiated Primitives   : NO
Use Clock Enable                   : Yes
Use Synchronous Set                : Yes
Use Synchronous Reset              : Yes
Pack IO Registers into IOBs        : Auto
Equivalent register Removal        : YES

---- General Options
Optimization Goal                  : Speed
Optimization Effort                : 1
Keep Hierarchy                     : No
Netlist Hierarchy                  : As_Optimized
RTL Output                         : Yes
Global Optimization                : AllClockNets
Read Cores                         : YES
Write Timing Constraints           : NO
Cross Clock Analysis               : NO
Hierarchy Separator                : /
Bus Delimiter                      : <>
Case Specifier                     : Maintain
Slice Utilization Ratio            : 100
BRAM Utilization Ratio             : 100
Verilog 2001                       : YES
Auto BRAM Packing                  : NO
Slice Utilization Ratio Delta      : 5

=========================================================================


=========================================================================
*                          HDL Compilation                              *
=========================================================================
WARNING:HDLParsers:3607 - Unit work/universal_shift_register_4bit is now defined in a different file.  It was defined in "D:/DMU/ADD/Assignment 01/Xilinx file location/universal_shift_register_4bit/universal_shift_register_4bit.vhd", and is now defined in "D:/DMU/ADD/Assignment 01/3 Assignment Jute friends/ASSIGNMENT 2/universal_shift_register_4bit/universal_shift_register_4bit.vhd".
WARNING:HDLParsers:3607 - Unit work/universal_shift_register_4bit/Behavioral is now defined in a different file.  It was defined in "D:/DMU/ADD/Assignment 01/Xilinx file location/universal_shift_register_4bit/universal_shift_register_4bit.vhd", and is now defined in "D:/DMU/ADD/Assignment 01/3 Assignment Jute friends/ASSIGNMENT 2/universal_shift_register_4bit/universal_shift_register_4bit.vhd".
Compiling vhdl file "D:/DMU/ADD/Assignment 01/3 Assignment Jute friends/ASSIGNMENT 2/universal_shift_register_4bit/universal_shift_register_4bit.vhd" in Library work.
Architecture behavioral of Entity universal_shift_register_4bit is up to date.

=========================================================================
*                     Design Hierarchy Analysis                         *
=========================================================================
Analyzing hierarchy for entity <universal_shift_register_4bit> in library <work> (architecture <behavioral>).


=========================================================================
*                            HDL Analysis                               *
=========================================================================
Analyzing Entity <universal_shift_register_4bit> in library <work> (Architecture <behavioral>).
Entity <universal_shift_register_4bit> analyzed. Unit <universal_shift_register_4bit> generated.


=========================================================================
*                           HDL Synthesis                               *
=========================================================================

Performing bidirectional port resolution...

Synthesizing Unit <universal_shift_register_4bit>.
    Related source file is "D:/DMU/ADD/Assignment 01/3 Assignment Jute friends/ASSIGNMENT 2/universal_shift_register_4bit/universal_shift_register_4bit.vhd".
    Found 4-bit register for signal <q>.
    Found 4-bit 4-to-1 multiplexer for signal <q$mux0000>.
    Found 4-bit register for signal <t>.
    Found 1-bit 4-to-1 multiplexer for signal <t_0$mux0000> created at line 33.
    Found 1-bit 4-to-1 multiplexer for signal <t_1$mux0000> created at line 33.
    Found 1-bit 4-to-1 multiplexer for signal <t_2$mux0000> created at line 33.
    Found 1-bit 4-to-1 multiplexer for signal <t_3$mux0000> created at line 33.
    Summary:
	inferred   8 D-type flip-flop(s).
	inferred   8 Multiplexer(s).
Unit <universal_shift_register_4bit> synthesized.


=========================================================================
HDL Synthesis Report

Macro Statistics
# Registers                                            : 5
 1-bit register                                        : 4
 4-bit register                                        : 1
# Multiplexers                                         : 5
 1-bit 4-to-1 multiplexer                              : 4
 4-bit 4-to-1 multiplexer                              : 1

=========================================================================

=========================================================================
*                       Advanced HDL Synthesis                          *
=========================================================================


=========================================================================
Advanced HDL Synthesis Report

Macro Statistics
# Registers                                            : 8
 Flip-Flops                                            : 8
# Multiplexers                                         : 5
 1-bit 4-to-1 multiplexer                              : 4
 4-bit 4-to-1 multiplexer                              : 1

=========================================================================

=========================================================================
*                         Low Level Synthesis                           *
=========================================================================

Optimizing unit <universal_shift_register_4bit> ...

Mapping all equations...
Building and optimizing final netlist ...
Found area constraint ratio of 100 (+ 5) on block universal_shift_register_4bit, actual ratio is 0.

Final Macro Processing ...

=========================================================================
Final Register Report

Macro Statistics
# Registers                                            : 8
 Flip-Flops                                            : 8

=========================================================================

=========================================================================
*                           Partition Report                            *
=========================================================================

Partition Implementation Status
-------------------------------

  No Partitions were found in this design.

-------------------------------

=========================================================================
*                            Final Report                               *
=========================================================================
Final Results
RTL Top Level Output File Name     : universal_shift_register_4bit.ngr
Top Level Output File Name         : universal_shift_register_4bit
Output Format                      : NGC
Optimization Goal                  : Speed
Keep Hierarchy                     : No

Design Statistics
# IOs                              : 14

Cell Usage :
# BELS                             : 17
#      INV                         : 1
#      LUT3                        : 8
#      LUT4                        : 4
#      MUXF5                       : 4
# FlipFlops/Latches                : 8
#      FDC                         : 8
# Clock Buffers                    : 1
#      BUFGP                       : 1
# IO Buffers                       : 13
#      IBUF                        : 9
#      OBUF                        : 4
=========================================================================

Device utilization summary:
---------------------------

Selected Device : 3s100ecp132-5 

 Number of Slices:                        6  out of    960     0%  
 Number of Slice Flip Flops:              8  out of   1920     0%  
 Number of 4 input LUTs:                 13  out of   1920     0%  
 Number of IOs:                          14
 Number of bonded IOBs:                  14  out of     83    16%  
 Number of GCLKs:                         1  out of     24     4%  

---------------------------
Partition Resource Summary:
---------------------------

  No Partitions were found in this design.

---------------------------


=========================================================================
TIMING REPORT

NOTE: THESE TIMING NUMBERS ARE ONLY A SYNTHESIS ESTIMATE.
      FOR ACCURATE TIMING INFORMATION PLEASE REFER TO THE TRACE REPORT
      GENERATED AFTER PLACE-and-ROUTE.

Clock Information:
------------------
-----------------------------------+------------------------+-------+
Clock Signal                       | Clock buffer(FF name)  | Load  |
-----------------------------------+------------------------+-------+
clk                                | BUFGP                  | 8     |
-----------------------------------+------------------------+-------+

Asynchronous Control Signals Information:
----------------------------------------
-----------------------------------+------------------------+-------+
Control Signal                     | Buffer(FF name)        | Load  |
-----------------------------------+------------------------+-------+
rst_inv(rst_inv1_INV_0:O)          | NONE(q_0)              | 8     |
-----------------------------------+------------------------+-------+

Timing Summary:
---------------
Speed Grade: -5

   Minimum period: 2.240ns (Maximum Frequency: 446.439MHz)
   Minimum input arrival time before clock: 3.233ns
   Maximum output required time after clock: 4.063ns
   Maximum combinational path delay: No path found

Timing Detail:
--------------
All values displayed in nanoseconds (ns)

=========================================================================
Timing constraint: Default period analysis for Clock 'clk'
  Clock period: 2.240ns (frequency: 446.439MHz)
  Total number of paths / destination ports: 18 / 8
-------------------------------------------------------------------------
Delay:               2.240ns (Levels of Logic = 2)
  Source:            t_2 (FF)
  Destination:       t_2 (FF)
  Source Clock:      clk rising
  Destination Clock: clk rising

  Data Path: t_2 to t_2
                                Gate     Net
    Cell:in->out      fanout   Delay   Delay  Logical Name (Net Name)
    ----------------------------------------  ------------
     FDC:C->Q              4   0.514   0.568  t_2 (t_2)
     LUT3:I1->O            1   0.612   0.000  Mmux_t_2_mux0000_2_f5_F (N3)
     MUXF5:I0->O           1   0.278   0.000  Mmux_t_2_mux0000_2_f5 (t_2_mux0000)
     FDC:D                     0.268          t_2
    ----------------------------------------
    Total                      2.240ns (1.672ns logic, 0.568ns route)
                                       (74.6% logic, 25.4% route)

=========================================================================
Timing constraint: Default OFFSET IN BEFORE for Clock 'clk'
  Total number of paths / destination ports: 26 / 8
-------------------------------------------------------------------------
Offset:              3.233ns (Levels of Logic = 3)
  Source:            s<0> (PAD)
  Destination:       t_3 (FF)
  Destination Clock: clk rising

  Data Path: s<0> to t_3
                                Gate     Net
    Cell:in->out      fanout   Delay   Delay  Logical Name (Net Name)
    ----------------------------------------  ------------
     IBUF:I->O            12   1.106   0.969  s_0_IBUF (s_0_IBUF)
     LUT3:I0->O            1   0.612   0.000  Mmux_t_3_mux0000_3 (Mmux_t_3_mux0000_3)
     MUXF5:I1->O           1   0.278   0.000  Mmux_t_3_mux0000_2_f5 (t_3_mux0000)
     FDC:D                     0.268          t_3
    ----------------------------------------
    Total                      3.233ns (2.264ns logic, 0.969ns route)
                                       (70.0% logic, 30.0% route)

=========================================================================
Timing constraint: Default OFFSET OUT AFTER for Clock 'clk'
  Total number of paths / destination ports: 4 / 4
-------------------------------------------------------------------------
Offset:              4.063ns (Levels of Logic = 1)
  Source:            q_3 (FF)
  Destination:       q<3> (PAD)
  Source Clock:      clk rising

  Data Path: q_3 to q<3>
                                Gate     Net
    Cell:in->out      fanout   Delay   Delay  Logical Name (Net Name)
    ----------------------------------------  ------------
     FDC:C->Q              2   0.514   0.380  q_3 (q_3)
     OBUF:I->O                 3.169          q_3_OBUF (q<3>)
    ----------------------------------------
    Total                      4.063ns (3.683ns logic, 0.380ns route)
                                       (90.6% logic, 9.4% route)

=========================================================================


Total REAL time to Xst completion: 5.00 secs
Total CPU time to Xst completion: 4.44 secs
 
--> 

Total memory usage is 294352 kilobytes

Number of errors   :    0 (   0 filtered)
Number of warnings :    2 (   0 filtered)
Number of infos    :    0 (   0 filtered)

