Running: C:\Xilinx\14.6\ISE_DS\ISE\bin\nt64\unwrapped\fuse.exe -intstyle ise -incremental -o D:/DMU/ADD/Assignment 01/Xilinx_Location/USR_4/USR_4_TB_isim_beh.exe -prj D:/DMU/ADD/Assignment 01/Xilinx_Location/USR_4/USR_4_TB_beh.prj work.USR_4_TB 
ISim P.68d (signature 0x7708f090)
Number of CPUs detected in this system: 4
Turning on mult-threading, number of parallel sub-compilation jobs: 8 
Determining compilation order of HDL files
Parsing VHDL file "D:/DMU/ADD/Assignment 01/Xilinx_Location/USR_4/USR_4.vhd" into library work
Parsing VHDL file "D:/DMU/ADD/Assignment 01/Xilinx_Location/USR_4/USR_4_TB.vhd" into library work
Starting static elaboration
Completed static elaboration
Compiling package standard
Compiling package std_logic_1164
Compiling architecture behavioral of entity USR_4 [usr_4_default]
Compiling architecture behavior of entity usr_4_tb
Time Resolution for simulation is 1ps.
Waiting for 1 sub-compilation(s) to finish...
WARNING:Simulator - Unable to copy libPortabilityNOSH.dll to the simulation executable directory: boost::filesystem::copy_file: The system cannot find the path specified, "isim\USR_4_TB_isim_beh.exe.sim\libPortability.dll".
Compiled 5 VHDL Units
Built simulation executable D:/DMU/ADD/Assignment 01/Xilinx_Location/USR_4/USR_4_TB_isim_beh.exe
Fuse Memory Usage: 29412 KB
Fuse CPU Usage: 359 ms
