Command line:
   universal_shift_register_4bit_isim_beh.exe
     -simmode  gui
     -simrunnum  0
     -socket  50001

Sat Jul 24 21:14:31 2021


 Elaboration Time: 0.03125 sec

 Current Memory Usage: 1007.92 Meg

 Total Signals          : 8
 Total Nets             : 18
 Total Signal Drivers   : 2
 Total Blocks           : 2
 Total Primitive Blocks : 2
 Total Processes        : 1
 Total Traceable Variables  : 8
 Total Scalar Nets and Variables : 378
Total Line Count : 15

 Total Simulation Time: 0.03125 sec

 Current Memory Usage: 1007.92 Meg

Sat Jul 24 21:14:57 2021

